<?xml version="1.0" encoding="UTF-8"?>
<!-- Generated by org.testng.reporters.JUnitXMLReporter -->
<testsuite ignored="0" hostname="DESKTOP-SKI9B3G" failures="0" tests="3" name="SauceDemoTests" time="20.554" errors="0" timestamp="2025-01-20T19:12:06 QYZT">
  <testcase classname="diane_hw4.TestNG_implementation" name="openWebsite" time="7.552"/>
  <testcase classname="diane_hw4.TestNG_implementation" name="login" time="4.596"/>
  <testcase classname="diane_hw4.TestNG_implementation" name="addToCart" time="4.281"/>
</testsuite> <!-- SauceDemoTests -->
